{"/Users/matheussouza/reactNative/myTasks/src/Context/TaskContext.tsx": {"path":"/Users/matheussouza/reactNative/myTasks/src/Context/TaskContext.tsx","statementMap":{"0":{"start":{"line":8,"column":17},"end":{"line":8,"column":33}},"1":{"start":{"line":21,"column":27},"end":{"line":23,"column":1}},"2":{"start":{"line":25,"column":61},"end":{"line":59,"column":1}},"3":{"start":{"line":26,"column":26},"end":{"line":26,"column":53}},"4":{"start":{"line":28,"column":2},"end":{"line":36,"column":9}},"5":{"start":{"line":30,"column":23},"end":{"line":30,"column":59}},"6":{"start":{"line":31,"column":6},"end":{"line":33,"column":7}},"7":{"start":{"line":32,"column":8},"end":{"line":32,"column":38}},"8":{"start":{"line":35,"column":4},"end":{"line":35,"column":16}},"9":{"start":{"line":38,"column":18},"end":{"line":46,"column":3}},"10":{"start":{"line":39,"column":4},"end":{"line":45,"column":5}},"11":{"start":{"line":40,"column":26},"end":{"line":40,"column":41}},"12":{"start":{"line":41,"column":6},"end":{"line":41,"column":27}},"13":{"start":{"line":42,"column":6},"end":{"line":42,"column":72}},"14":{"start":{"line":44,"column":6},"end":{"line":44,"column":37}},"15":{"start":{"line":48,"column":21},"end":{"line":52,"column":3}},"16":{"start":{"line":49,"column":24},"end":{"line":49,"column":59}},"17":{"start":{"line":49,"column":44},"end":{"line":49,"column":58}},"18":{"start":{"line":50,"column":4},"end":{"line":50,"column":25}},"19":{"start":{"line":51,"column":4},"end":{"line":51,"column":70}},"20":{"start":{"line":54,"column":2},"end":{"line":58,"column":4}},"21":{"start":{"line":62,"column":18},"end":{"line":62,"column":47}},"22":{"start":{"line":64,"column":2},"end":{"line":66,"column":3}},"23":{"start":{"line":65,"column":4},"end":{"line":65,"column":69}},"24":{"start":{"line":67,"column":2},"end":{"line":67,"column":17}}},"fnMap":{"0":{"name":"(anonymous_0)","decl":{"start":{"line":25,"column":61},"end":{"line":25,"column":62}},"loc":{"start":{"line":25,"column":77},"end":{"line":59,"column":1}},"line":25},"1":{"name":"(anonymous_1)","decl":{"start":{"line":28,"column":18},"end":{"line":28,"column":19}},"loc":{"start":{"line":28,"column":24},"end":{"line":36,"column":3}},"line":28},"2":{"name":"loadTasks","decl":{"start":{"line":29,"column":19},"end":{"line":29,"column":28}},"loc":{"start":{"line":29,"column":31},"end":{"line":34,"column":5}},"line":29},"3":{"name":"(anonymous_3)","decl":{"start":{"line":38,"column":18},"end":{"line":38,"column":19}},"loc":{"start":{"line":38,"column":41},"end":{"line":46,"column":3}},"line":38},"4":{"name":"(anonymous_4)","decl":{"start":{"line":48,"column":21},"end":{"line":48,"column":22}},"loc":{"start":{"line":48,"column":43},"end":{"line":52,"column":3}},"line":48},"5":{"name":"(anonymous_5)","decl":{"start":{"line":49,"column":36},"end":{"line":49,"column":37}},"loc":{"start":{"line":49,"column":44},"end":{"line":49,"column":58}},"line":49},"6":{"name":"useTaskList","decl":{"start":{"line":61,"column":16},"end":{"line":61,"column":27}},"loc":{"start":{"line":61,"column":44},"end":{"line":68,"column":1}},"line":61}},"branchMap":{"0":{"loc":{"start":{"line":31,"column":6},"end":{"line":33,"column":7}},"type":"if","locations":[{"start":{"line":31,"column":6},"end":{"line":33,"column":7}},{"start":{},"end":{}}],"line":31},"1":{"loc":{"start":{"line":64,"column":2},"end":{"line":66,"column":3}},"type":"if","locations":[{"start":{"line":64,"column":2},"end":{"line":66,"column":3}},{"start":{},"end":{}}],"line":64}},"s":{"0":3,"1":3,"2":3,"3":12,"4":12,"5":6,"6":6,"7":2,"8":6,"9":12,"10":3,"11":3,"12":3,"13":3,"14":0,"15":12,"16":1,"17":1,"18":1,"19":1,"20":12,"21":20,"22":20,"23":0,"24":20},"f":{"0":12,"1":6,"2":6,"3":3,"4":1,"5":1,"6":20},"b":{"0":[2,4],"1":[0,20]},"_coverageSchema":"1a1c01bbd47fc00a2c39e90264f33305004495a9","hash":"6d44fbe9ecb99ab81f3ded5fb7aedcd6bc8708f3"}
,"/Users/matheussouza/reactNative/myTasks/src/Pages/Home/index.tsx": {"path":"/Users/matheussouza/reactNative/myTasks/src/Pages/Home/index.tsx","statementMap":{"0":{"start":{"line":15,"column":20},"end":{"line":53,"column":1}},"1":{"start":{"line":16,"column":32},"end":{"line":16,"column":50}},"2":{"start":{"line":17,"column":20},"end":{"line":17,"column":33}},"3":{"start":{"line":19,"column":24},"end":{"line":25,"column":3}},"4":{"start":{"line":20,"column":17},"end":{"line":23,"column":5}},"5":{"start":{"line":24,"column":4},"end":{"line":24,"column":18}},"6":{"start":{"line":27,"column":2},"end":{"line":52,"column":4}},"7":{"start":{"line":55,"column":15},"end":{"line":111,"column":2}}},"fnMap":{"0":{"name":"(anonymous_0)","decl":{"start":{"line":15,"column":20},"end":{"line":15,"column":21}},"loc":{"start":{"line":15,"column":26},"end":{"line":53,"column":1}},"line":15},"1":{"name":"(anonymous_1)","decl":{"start":{"line":19,"column":24},"end":{"line":19,"column":25}},"loc":{"start":{"line":19,"column":30},"end":{"line":25,"column":3}},"line":19}},"branchMap":{"0":{"loc":{"start":{"line":22,"column":13},"end":{"line":22,"column":45}},"type":"cond-expr","locations":[{"start":{"line":22,"column":23},"end":{"line":22,"column":30}},{"start":{"line":22,"column":33},"end":{"line":22,"column":45}}],"line":22},"1":{"loc":{"start":{"line":82,"column":13},"end":{"line":82,"column":44}},"type":"cond-expr","locations":[{"start":{"line":82,"column":37},"end":{"line":82,"column":39}},{"start":{"line":82,"column":42},"end":{"line":82,"column":44}}],"line":82}},"s":{"0":2,"1":6,"2":6,"3":6,"4":1,"5":1,"6":6,"7":2},"f":{"0":6,"1":1},"b":{"0":[1,0],"1":[2,0]},"_coverageSchema":"1a1c01bbd47fc00a2c39e90264f33305004495a9","hash":"23a25caa3ea3c436f17e00cd967aaed2afae51b6"}
,"/Users/matheussouza/reactNative/myTasks/src/components/Tasks/index.tsx": {"path":"/Users/matheussouza/reactNative/myTasks/src/components/Tasks/index.tsx","statementMap":{"0":{"start":{"line":11,"column":24},"end":{"line":39,"column":1}},"1":{"start":{"line":12,"column":30},"end":{"line":12,"column":43}},"2":{"start":{"line":13,"column":28},"end":{"line":24,"column":3}},"3":{"start":{"line":14,"column":4},"end":{"line":23,"column":7}},"4":{"start":{"line":21,"column":23},"end":{"line":21,"column":37}},"5":{"start":{"line":26,"column":2},"end":{"line":38,"column":4}},"6":{"start":{"line":29,"column":28},"end":{"line":29,"column":35}},"7":{"start":{"line":31,"column":8},"end":{"line":35,"column":27}},"8":{"start":{"line":32,"column":25},"end":{"line":32,"column":51}},"9":{"start":{"line":41,"column":15},"end":{"line":54,"column":2}}},"fnMap":{"0":{"name":"(anonymous_0)","decl":{"start":{"line":11,"column":24},"end":{"line":11,"column":25}},"loc":{"start":{"line":11,"column":30},"end":{"line":39,"column":1}},"line":11},"1":{"name":"(anonymous_1)","decl":{"start":{"line":13,"column":28},"end":{"line":13,"column":29}},"loc":{"start":{"line":13,"column":44},"end":{"line":24,"column":3}},"line":13},"2":{"name":"(anonymous_2)","decl":{"start":{"line":17,"column":17},"end":{"line":17,"column":18}},"loc":{"start":{"line":17,"column":23},"end":{"line":17,"column":25}},"line":17},"3":{"name":"(anonymous_3)","decl":{"start":{"line":21,"column":17},"end":{"line":21,"column":18}},"loc":{"start":{"line":21,"column":23},"end":{"line":21,"column":37}},"line":21},"4":{"name":"(anonymous_4)","decl":{"start":{"line":29,"column":20},"end":{"line":29,"column":21}},"loc":{"start":{"line":29,"column":28},"end":{"line":29,"column":35}},"line":29},"5":{"name":"(anonymous_5)","decl":{"start":{"line":30,"column":18},"end":{"line":30,"column":19}},"loc":{"start":{"line":31,"column":8},"end":{"line":35,"column":27}},"line":31},"6":{"name":"(anonymous_6)","decl":{"start":{"line":32,"column":19},"end":{"line":32,"column":20}},"loc":{"start":{"line":32,"column":25},"end":{"line":32,"column":51}},"line":32}},"branchMap":{},"s":{"0":3,"1":7,"2":7,"3":0,"4":0,"5":7,"6":2,"7":2,"8":0,"9":3},"f":{"0":7,"1":0,"2":0,"3":0,"4":2,"5":2,"6":0},"b":{},"_coverageSchema":"1a1c01bbd47fc00a2c39e90264f33305004495a9","hash":"9213b23105739b95d1225cd96e953eb022056766"}
}
