TN:
SF:src/Context/TaskContext.tsx
FN:25,(anonymous_0)
FN:28,(anonymous_1)
FN:29,loadTasks
FN:38,(anonymous_3)
FN:48,(anonymous_4)
FN:49,(anonymous_5)
FN:61,useTaskList
FNF:7
FNH:7
FNDA:12,(anonymous_0)
FNDA:6,(anonymous_1)
FNDA:6,loadTasks
FNDA:3,(anonymous_3)
FNDA:1,(anonymous_4)
FNDA:1,(anonymous_5)
FNDA:20,useTaskList
DA:8,3
DA:21,3
DA:25,3
DA:26,12
DA:28,12
DA:30,6
DA:31,6
DA:32,2
DA:35,6
DA:38,12
DA:39,3
DA:40,3
DA:41,3
DA:42,3
DA:44,0
DA:48,12
DA:49,1
DA:50,1
DA:51,1
DA:54,12
DA:62,20
DA:64,20
DA:65,0
DA:67,20
LF:24
LH:22
BRDA:31,0,0,2
BRDA:31,0,1,4
BRDA:64,1,0,0
BRDA:64,1,1,20
BRF:4
BRH:3
end_of_record
TN:
SF:src/Pages/Home/index.tsx
FN:15,(anonymous_0)
FN:19,(anonymous_1)
FNF:2
FNH:2
FNDA:6,(anonymous_0)
FNDA:1,(anonymous_1)
DA:15,2
DA:16,6
DA:17,6
DA:19,6
DA:20,1
DA:24,1
DA:27,6
DA:55,2
LF:8
LH:8
BRDA:22,0,0,1
BRDA:22,0,1,0
BRDA:82,1,0,2
BRDA:82,1,1,0
BRF:4
BRH:2
end_of_record
TN:
SF:src/components/Tasks/index.tsx
FN:11,(anonymous_0)
FN:13,(anonymous_1)
FN:17,(anonymous_2)
FN:21,(anonymous_3)
FN:29,(anonymous_4)
FN:30,(anonymous_5)
FN:32,(anonymous_6)
FNF:7
FNH:3
FNDA:7,(anonymous_0)
FNDA:0,(anonymous_1)
FNDA:0,(anonymous_2)
FNDA:0,(anonymous_3)
FNDA:2,(anonymous_4)
FNDA:2,(anonymous_5)
FNDA:0,(anonymous_6)
DA:11,3
DA:12,7
DA:13,7
DA:14,0
DA:21,0
DA:26,7
DA:29,2
DA:31,2
DA:32,0
DA:41,3
LF:10
LH:7
BRF:0
BRH:0
end_of_record
